{"level":"WARN","time":"2022-02-22 09:51:09","file":"D:/project/blog/handler/system/sys_user.go:46","message":"账户不存在"}
{"level":"WARN","time":"2022-02-22 11:25:45","file":"D:/project/blog/handler/system/sys_user.go:45","message":"账户不存在"}
{"level":"WARN","time":"2022-02-22 11:28:28","file":"D:/project/blog/handler/system/sys_user.go:45","message":"账户不存在"}
{"level":"WARN","time":"2022-02-22 11:35:43","file":"D:/project/blog/command/result.go:26","message":"数据绑定失败-{Key: 'User.Username' Error:Field validation for 'Username' failed on the 'required' tag}"}
{"level":"WARN","time":"2022-02-22 11:37:22","file":"D:/project/blog/command/result.go:26","message":"数据绑定失败-{Key: 'User.Username' Error:Field validation for 'Username' failed on the 'required' tag}"}
{"level":"WARN","time":"2022-02-22 11:37:42","file":"D:/project/blog/command/result.go:26","message":"数据绑定失败-{Key: 'User.Username' Error:Field validation for 'Username' failed on the 'required' tag}"}
{"level":"WARN","time":"2022-02-22 11:41:35","file":"D:/project/blog/command/result.go:26","message":"数据绑定失败-{Key: 'User.Username' Error:Field validation for 'Username' failed on the 'required' tag}"}
{"level":"WARN","time":"2022-02-22 11:43:34","file":"D:/project/blog/command/result.go:26","message":"数据绑定失败-{Key: 'User.Email' Error:Field validation for 'Email' failed on the 'required' tag}"}
{"level":"WARN","time":"2022-02-22 11:43:34","file":"D:/project/blog/handler/system/sys_user.go:42","message":"密码错误"}
{"level":"WARN","time":"2022-02-22 11:46:17","file":"D:/project/blog/handler/system/sys_user.go:24","message":"数据绑定失败-{Key: 'User.Email' Error:Field validation for 'Email' failed on the 'required' tag}"}
{"level":"WARN","time":"2022-02-22 12:20:51","file":"D:/project/blog/command/result.go:27","message":"数据绑定失败-{Key: 'User.Email' Error:Field validation for 'Email' failed on the 'required' tag}"}
{"level":"WARN","time":"2022-02-22 12:20:51","file":"D:/project/blog/handler/system/sys_user.go:32","message":"邮箱已注册"}
{"level":"WARN","time":"2022-02-22 12:53:04","file":"D:/project/blog/command/result.go:27","message":"数据绑定失败-{Key: 'User.Email' Error:Field validation for 'Email' failed on the 'required' tag}"}
{"level":"WARN","time":"2022-02-22 12:53:04","file":"D:/project/blog/handler/system/sys_user.go:32","message":"邮箱已注册"}
{"level":"WARN","time":"2022-02-22 12:54:20","file":"D:/project/blog/command/result.go:27","message":"数据绑定失败-{Key: 'User.Email' Error:Field validation for 'Email' failed on the 'required' tag}"}
{"level":"WARN","time":"2022-02-22 12:54:20","file":"D:/project/blog/handler/system/sys_user.go:32","message":"邮箱已注册"}
{"level":"WARN","time":"2022-02-22 12:55:38","file":"D:/project/blog/handler/system/sys_user.go:25","message":"数据绑定失败-{Key: 'User.Email' Error:Field validation for 'Email' failed on the 'required' tag}"}
{"level":"WARN","time":"2022-02-22 13:34:00","file":"D:/project/blog/handler/system/sys_user.go:81","message":"账户存在"}
{"level":"WARN","time":"2022-02-22 13:35:32","file":"D:/project/blog/handler/system/sys_user.go:81","message":"账户存在"}
{"level":"WARN","time":"2022-02-22 13:36:21","file":"D:/project/blog/handler/system/sys_user.go:81","message":"用户名修改失败失败"}
{"level":"WARN","time":"2022-02-22 13:38:11","file":"D:/project/blog/handler/system/sys_user.go:81","message":"用户名修改失败"}
{"level":"WARN","time":"2022-02-22 13:39:33","file":"D:/project/blog/handler/system/sys_user.go:81","message":"用户名修改失败"}
{"level":"WARN","time":"2022-02-22 13:40:45","file":"D:/project/blog/handler/system/sys_user.go:81","message":"账户存在"}
{"level":"WARN","time":"2022-02-22 14:27:31","file":"D:/project/blog/handler/system/sys_user.go:51","message":"用户名或密码错误"}
{"level":"WARN","time":"2022-02-22 14:54:17","file":"D:/project/blog/handler/system/sys_user.go:51","message":"账户不存在"}
{"level":"WARN","time":"2022-02-22 14:54:57","file":"D:/project/blog/handler/system/sys_user.go:51","message":"密码错误"}
{"level":"WARN","time":"2022-02-22 16:29:34","file":"D:/project/blog/handler/example/exa_type.go:22","message":"查询失败"}
{"level":"WARN","time":"2022-02-22 16:29:34","file":"D:/project/blog/handler/example/exa_blog.go:99","message":"查询失败"}
{"level":"WARN","time":"2022-02-22 16:29:34","file":"D:/project/blog/handler/example/exa_blog.go:87","message":"查询失败"}
