{"level":"INFO","time":"2022-02-22 09:51:32","file":"D:/project/blog/handler/system/sys_user.go:34","message":"用户注册成功,{&model.User{Id:502432149152993280, Username:\"1@qq.com\", Password:\"$2a$10$ugMTdq58Q2Ux49RXv4A.BehARcY3O.Oz4PyT6lEQI.1T3B44bHeOW\", Email:\"1@qq.com\", Avatar:\"https://picsum.photos/30/30/?image=41\", CreatedAt:0x621441a4, UpdatedAt:0x621441a4, Blogs:[]model.Blog(nil)}}"}
{"level":"INFO","time":"2022-02-22 09:51:34","file":"D:/project/blog/handler/system/sys_user.go:62","message":"用户信息获取成功,{map[avatar:https://picsum.photos/30/30/?image=41 email:1@qq.com id:502432149152993280 username:1@qq.com]}"}
{"level":"INFO","time":"2022-02-22 10:55:59","file":"D:/project/blog/handler/system/sys_user.go:62","message":"用户信息获取成功,{map[avatar:https://picsum.photos/30/30/?image=41 email:1@qq.com id:502432149152993280 username:1@qq.com]}"}
{"level":"INFO","time":"2022-02-22 10:56:32","file":"D:/project/blog/handler/system/sys_user.go:62","message":"用户信息获取成功,{map[avatar:https://picsum.photos/30/30/?image=41 email:1@qq.com id:502432149152993280 username:1@qq.com]}"}
{"level":"INFO","time":"2022-02-22 11:30:01","file":"D:/project/blog/handler/system/sys_user.go:61","message":"用户信息获取成功,{map[avatar:https://picsum.photos/30/30/?image=41 email:1@qq.com id:502432149152993280 username:1@qq.com]}"}
{"level":"INFO","time":"2022-02-22 11:35:44","file":"D:/project/blog/handler/system/sys_user.go:30","message":"用户注册成功,{&{502458371866103808 2@qq.com $2a$10$sWlyIlXtcbEghpA68UWIluj3IBtRHwALbl8JLuxV0j1Wb14cotLZ. 2@qq.com https://picsum.photos/30/30/?image=41 1645500944 1645500944 []}}"}
{"level":"INFO","time":"2022-02-22 11:37:22","file":"D:/project/blog/handler/system/sys_user.go:30","message":"用户注册成功,{&{502458783327326208 3@qq.com $2a$10$FFi3VwTGFrrCVEIiKdqVK.WHYn5QDk9QNcaFmGWUhj4TFmojhUGla 3@qq.com https://picsum.photos/30/30/?image=41 1645501042 1645501042 []}}"}
{"level":"INFO","time":"2022-02-22 11:37:42","file":"D:/project/blog/handler/system/sys_user.go:30","message":"用户注册成功,{&{502458869390249984 4@qq.com $2a$10$QSn14mP/1gcwx3WJZLeJh.Quuofm6d9N1RSLl/U69oVT3M/wLh5z. 4@qq.com https://picsum.photos/30/30/?image=41 1645501062 1645501062 []}}"}
{"level":"INFO","time":"2022-02-22 11:41:35","file":"D:/project/blog/handler/system/sys_user.go:30","message":"用户注册成功,{&{502459846214291456 2@qq.com $2a$10$aA.vwFLW4Z7loZgcp9JaRO1/RZYzHnrTrtruvrIDDaMxO0TYlIH0O 2@qq.com https://picsum.photos/30/30/?image=41 1645501295 1645501295 []}}"}
{"level":"INFO","time":"2022-02-22 14:24:25","file":"D:/project/blog/handler/system/sys_user.go:67","message":"用户信息获取成功,{map[avatar:https://picsum.photos/30/30/?image=41 email:1@qq.com id:502432149152993280 username:浅夏]}"}
{"level":"INFO","time":"2022-02-22 14:28:03","file":"D:/project/blog/handler/system/sys_user.go:67","message":"用户信息获取成功,{map[avatar:https://picsum.photos/30/30/?image=41 email:1@qq.com id:502432149152993280 username:浅夏]}"}
{"level":"INFO","time":"2022-02-22 16:25:48","file":"D:/project/blog/main.go:40","message":"Shutdown Server ..."}
{"level":"INFO","time":"2022-02-22 16:28:09","file":"D:/project/blog/main.go:40","message":"Shutdown Server ..."}
{"level":"INFO","time":"2022-02-22 16:28:09","file":"D:/project/blog/main.go:47","message":"Service Exit"}
{"level":"INFO","time":"2022-02-22 16:28:41","file":"D:/project/blog/main.go:37","message":"Shutdown Server ..."}
{"level":"INFO","time":"2022-02-22 16:28:41","file":"D:/project/blog/main.go:44","message":"Service Exit"}
{"level":"INFO","time":"2022-02-22 16:31:34","file":"D:/project/blog/main.go:37","message":"Shutdown Server ..."}
{"level":"INFO","time":"2022-02-22 16:31:34","file":"D:/project/blog/main.go:44","message":"Service Exit"}
{"level":"INFO","time":"2022-02-22 16:32:05","file":"D:/project/blog/main.go:39","message":"Shutdown Server ..."}
{"level":"INFO","time":"2022-02-22 16:32:05","file":"D:/project/blog/main.go:46","message":"Service Exit"}
{"level":"INFO","time":"2022-02-22 16:32:28","file":"D:/project/blog/main.go:39","message":"Shutdown Server ..."}
{"level":"INFO","time":"2022-02-22 16:32:28","file":"D:/project/blog/main.go:46","message":"Service Exit"}
{"level":"INFO","time":"2022-02-22 16:52:41","file":"D:/project/blog/main.go:39","message":"Shutdown Server ..."}
{"level":"INFO","time":"2022-02-22 16:52:41","file":"D:/project/blog/main.go:46","message":"Service Exit"}
{"level":"INFO","time":"2022-02-22 16:55:06","file":"D:/project/blog/main.go:39","message":"Shutdown Server ..."}
{"level":"INFO","time":"2022-02-22 16:55:06","file":"D:/project/blog/main.go:46","message":"Service Exit"}
{"level":"INFO","time":"2022-02-22 16:56:56","file":"D:/project/blog/main.go:39","message":"Shutdown Server ..."}
{"level":"INFO","time":"2022-02-22 16:56:56","file":"D:/project/blog/main.go:46","message":"Service Exit"}
{"level":"INFO","time":"2022-02-22 16:59:21","file":"D:/project/blog/main.go:39","message":"Shutdown Server ..."}
{"level":"INFO","time":"2022-02-22 16:59:21","file":"D:/project/blog/main.go:46","message":"Service Exit"}
{"level":"INFO","time":"2022-02-22 17:05:39","file":"D:/project/blog/main.go:39","message":"Shutdown Server ..."}
{"level":"INFO","time":"2022-02-22 17:05:39","file":"D:/project/blog/main.go:46","message":"Service Exit"}
{"level":"INFO","time":"2022-02-22 17:06:26","file":"D:/project/blog/main.go:39","message":"Shutdown Server ..."}
{"level":"INFO","time":"2022-02-22 17:06:26","file":"D:/project/blog/main.go:46","message":"Service Exit"}
{"level":"INFO","time":"2022-02-22 17:07:26","file":"D:/project/blog/main.go:39","message":"Shutdown Server ..."}
{"level":"INFO","time":"2022-02-22 17:07:26","file":"D:/project/blog/main.go:46","message":"Service Exit"}
{"level":"INFO","time":"2022-02-22 17:08:18","file":"D:/project/blog/main.go:39","message":"Shutdown Server ..."}
{"level":"INFO","time":"2022-02-22 17:08:18","file":"D:/project/blog/main.go:46","message":"Service Exit"}
{"level":"INFO","time":"2022-02-22 17:16:55","file":"D:/project/blog/main.go:39","message":"Shutdown Server ..."}
{"level":"INFO","time":"2022-02-22 17:16:55","file":"D:/project/blog/main.go:46","message":"Service Exit"}
